{
  "RSpec": {
    "coverage": {
      "/Users/aleckap/turing_work/3mod/projects/market_money_fe/app/facades/market_facade.rb": {
        "lines": [
          1,
          1,
          7,
          null,
          null,
          1,
          5082,
          null,
          null,
          1,
          1,
          null,
          null,
          1,
          null,
          1,
          6,
          null,
          null,
          1,
          6,
          null,
          null,
          1,
          1,
          null,
          null
        ]
      },
      "/Users/aleckap/turing_work/3mod/projects/market_money_fe/spec/features/markets/index_spec.rb": {
        "lines": [
          1,
          null,
          1,
          1,
          1,
          2,
          2,
          null,
          null,
          1,
          1,
          11,
          11,
          11,
          11,
          11,
          null,
          null,
          null,
          null,
          1,
          1,
          1,
          1,
          null,
          1,
          null,
          1,
          null,
          null,
          null,
          null
        ]
      },
      "/Users/aleckap/turing_work/3mod/projects/market_money_fe/spec/poros/market_spec.rb": {
        "lines": [
          1,
          null,
          1,
          1,
          null,
          1,
          null,
          null,
          null,
          null,
          null,
          null,
          null,
          null,
          null,
          null,
          null,
          1,
          null,
          1,
          1,
          1,
          1,
          1,
          1,
          1,
          null,
          null
        ]
      },
      "/Users/aleckap/turing_work/3mod/projects/market_money_fe/app/poros/market.rb": {
        "lines": [
          1,
          1,
          null,
          null,
          null,
          null,
          null,
          null,
          null,
          null,
          1,
          5078,
          5078,
          5078,
          5078,
          5078,
          5078,
          5078,
          5078,
          null,
          null
        ]
      },
      "/Users/aleckap/turing_work/3mod/projects/market_money_fe/spec/services/market_money_service_spec.rb": {
        "lines": [
          1,
          null,
          1,
          1,
          1,
          1,
          1,
          1,
          1,
          null,
          1,
          null,
          1,
          1,
          1,
          1,
          1,
          1,
          1,
          null,
          1,
          null,
          1,
          1,
          1,
          1,
          1,
          1,
          1,
          1,
          1,
          null,
          1,
          1,
          1,
          1,
          1,
          1,
          1,
          1,
          1,
          null,
          null,
          1,
          1,
          null,
          1,
          1,
          null,
          1,
          null,
          1,
          1,
          1,
          1,
          1,
          1,
          1,
          null,
          1,
          null,
          1,
          1,
          1,
          1,
          1,
          1,
          1,
          1,
          1,
          null,
          1,
          1,
          1,
          1,
          1,
          1,
          1,
          1,
          1,
          null,
          null,
          null,
          null
        ]
      },
      "/Users/aleckap/turing_work/3mod/projects/market_money_fe/app/services/market_money_service.rb": {
        "lines": [
          1,
          1,
          6,
          null,
          null,
          1,
          2,
          null,
          null,
          1,
          null,
          1,
          8,
          8,
          null,
          null,
          1,
          8,
          null,
          null
        ]
      },
      "/Users/aleckap/turing_work/3mod/projects/market_money_fe/app/controllers/markets_controller.rb": {
        "lines": [
          1,
          1,
          2,
          null,
          null,
          1,
          1,
          null,
          null
        ]
      },
      "/Users/aleckap/turing_work/3mod/projects/market_money_fe/app/controllers/application_controller.rb": {
        "lines": [
          1,
          null
        ]
      }
    },
    "timestamp": 1685086371
  }
}
